<?xml version="1.0" encoding="UTF-8"?>
<<<<<<< HEAD
<testsuites name="jest tests" tests="6" failures="0" errors="0" time="3.842">
  <testsuite name="POSTS" errors="0" failures="0" skipped="0" timestamp="2025-05-16T02:12:36" time="3.705" tests="6">
    <testcase classname="POSTS get request" name="POSTS get request" time="0.421">
    </testcase>
    <testcase classname="POSTS POST request" name="POSTS POST request" time="0.255">
    </testcase>
    <testcase classname="POSTS PATCH request with title version 1" name="POSTS PATCH request with title version 1" time="0.61">
    </testcase>
    <testcase classname="POSTS PATCH request with title version 2" name="POSTS PATCH request with title version 2" time="0.732">
    </testcase>
    <testcase classname="POSTS PATCH request with title version 3" name="POSTS PATCH request with title version 3" time="0.457">
    </testcase>
    <testcase classname="POSTS DELETE request" name="POSTS DELETE request" time="0.311">
=======
<testsuites name="jest tests" tests="2" failures="0" errors="0" time="5.491">
  <testsuite name="MONGODB connection" errors="0" failures="0" skipped="1" timestamp="2025-05-15T19:35:43" time="5.362" tests="2">
    <testcase classname="MONGODB connection Connect to the collection and find user" name="MONGODB connection Connect to the collection and find user" time="0">
      <skipped/>
    </testcase>
    <testcase classname="MONGODB connection Create new user with imported data" name="MONGODB connection Create new user with imported data" time="2.812">
>>>>>>> master
    </testcase>
  </testsuite>
</testsuites>