<?xml version="1.0" encoding="UTF-8"?>
<testsuites name="jest tests" tests="2" failures="0" errors="0" time="5.491">
  <testsuite name="MONGODB connection" errors="0" failures="0" skipped="1" timestamp="2025-05-15T19:35:43" time="5.362" tests="2">
    <testcase classname="MONGODB connection Connect to the collection and find user" name="MONGODB connection Connect to the collection and find user" time="0">
      <skipped/>
    </testcase>
    <testcase classname="MONGODB connection Create new user with imported data" name="MONGODB connection Create new user with imported data" time="2.812">
    </testcase>
  </testsuite>
</testsuites>