<?xml version="1.0" encoding="UTF-8"?>
<testsuites name="jest tests" tests="2" failures="0" errors="0" time="4.683">
  <testsuite name="USER UPDATE - /users/updateMe" errors="0" failures="0" skipped="0" timestamp="2025-05-07T01:30:56" time="4.549" tests="2">
    <testcase classname="USER UPDATE - /users/updateMe should update the user name and email" name="USER UPDATE - /users/updateMe should update the user name and email" time="0.33">
    </testcase>
    <testcase classname="USER UPDATE - /users/updateMe should update the user photo" name="USER UPDATE - /users/updateMe should update the user photo" time="0.298">
    </testcase>
  </testsuite>
</testsuites>